[0m13:00:00.430859 [debug] [MainThread]: Sending event: {'category': 'dbt', 'action': 'invocation', 'label': 'start', 'context': [<snowplow_tracker.self_describing_json.SelfDescribingJson object at 0x74677cb54f10>, <snowplow_tracker.self_describing_json.SelfDescribingJson object at 0x74677ccc47d0>, <snowplow_tracker.self_describing_json.SelfDescribingJson object at 0x74677cb3c910>]}


============================== 13:00:00.438412 | 16137a1c-ed41-4665-b905-b29ff88e1480 ==============================
[0m13:00:00.438412 [info ] [MainThread]: Running with dbt=1.8.7
[0m13:00:00.439972 [debug] [MainThread]: running dbt with arguments {'printer_width': '80', 'indirect_selection': 'eager', 'log_cache_events': 'False', 'write_json': 'True', 'partial_parse': 'True', 'cache_selected_only': 'False', 'warn_error': 'None', 'fail_fast': 'False', 'profiles_dir': '/home/codespace/.dbt', 'log_path': 'logs', 'version_check': 'True', 'debug': 'False', 'use_colors': 'True', 'use_experimental_parser': 'False', 'no_print': 'None', 'quiet': 'False', 'empty': 'None', 'log_format': 'default', 'invocation_command': 'dbt init crypto_dbt', 'warn_error_options': 'WarnErrorOptions(include=[], exclude=[])', 'introspect': 'True', 'target_path': 'None', 'static_parser': 'True', 'send_anonymous_usage_stats': 'True'}
[0m13:00:00.640990 [warn ] [MainThread]: [ConfigFolderDirectory]: Unable to parse logging event dictionary. Failed to parse dir field: expected string or bytes-like object, got 'PosixPath'.. Dictionary: {'dir': PosixPath('/home/codespace/.dbt')}
[0m13:00:00.643945 [info ] [MainThread]: Creating dbt configuration folder at 
[0m13:00:00.674304 [debug] [MainThread]: Starter project path: /workspaces/test-pipeline/.venv/lib/python3.11/site-packages/dbt/include/starter_project
[0m13:00:00.698975 [info ] [MainThread]: 
Your new dbt project "crypto_dbt" was created!

For more information on how to configure the profiles.yml file,
please consult the dbt documentation here:

  https://docs.getdbt.com/docs/configure-your-profile

One more thing:

Need help? Don't hesitate to reach out to us via GitHub issues or on Slack:

  https://community.getdbt.com/

Happy modeling!

[0m13:00:00.700381 [info ] [MainThread]: Setting up your profile.
[0m13:05:34.779528 [info ] [MainThread]: Profile crypto_dbt written to /home/codespace/.dbt/profiles.yml using target's profile_template.yml and your supplied values. Run 'dbt debug' to validate the connection.
[0m13:05:34.802920 [debug] [MainThread]: Resource report: {"command_name": "init", "command_success": true, "command_wall_clock_time": 334.4263, "process_user_time": 12.588466, "process_kernel_time": 1.412537, "process_mem_max_rss": "377940", "process_in_blocks": "431304", "process_out_blocks": "191832"}
[0m13:05:34.804347 [debug] [MainThread]: Command `dbt init` succeeded at 13:05:34.804195 after 334.43 seconds
[0m13:05:34.805048 [debug] [MainThread]: Sending event: {'category': 'dbt', 'action': 'invocation', 'label': 'end', 'context': [<snowplow_tracker.self_describing_json.SelfDescribingJson object at 0x74677cb3d150>, <snowplow_tracker.self_describing_json.SelfDescribingJson object at 0x74677cccdd50>, <snowplow_tracker.self_describing_json.SelfDescribingJson object at 0x746780932e10>]}
[0m13:05:34.805982 [debug] [MainThread]: Flushing usage events
[0m13:06:06.336560 [debug] [MainThread]: Sending event: {'category': 'dbt', 'action': 'invocation', 'label': 'start', 'context': [<snowplow_tracker.self_describing_json.SelfDescribingJson object at 0x76a3ace1ed50>, <snowplow_tracker.self_describing_json.SelfDescribingJson object at 0x76a3acdda110>, <snowplow_tracker.self_describing_json.SelfDescribingJson object at 0x76a3acdd2150>]}


============================== 13:06:06.344414 | 250621fb-c2d2-4189-abca-9b44f67b2c74 ==============================
[0m13:06:06.344414 [info ] [MainThread]: Running with dbt=1.8.7
[0m13:06:06.345830 [debug] [MainThread]: running dbt with arguments {'printer_width': '80', 'indirect_selection': 'eager', 'write_json': 'True', 'log_cache_events': 'False', 'partial_parse': 'True', 'cache_selected_only': 'False', 'warn_error': 'None', 'version_check': 'True', 'profiles_dir': '/home/codespace/.dbt', 'log_path': 'logs', 'fail_fast': 'False', 'debug': 'False', 'use_colors': 'True', 'use_experimental_parser': 'False', 'empty': 'None', 'quiet': 'False', 'no_print': 'None', 'warn_error_options': 'WarnErrorOptions(include=[], exclude=[])', 'static_parser': 'True', 'log_format': 'default', 'introspect': 'True', 'target_path': 'None', 'invocation_command': 'dbt debug', 'send_anonymous_usage_stats': 'True'}
[0m13:06:06.400203 [info ] [MainThread]: dbt version: 1.8.7
[0m13:06:06.401347 [info ] [MainThread]: python version: 3.11.15
[0m13:06:06.402281 [info ] [MainThread]: python path: /workspaces/test-pipeline/.venv/bin/python3
[0m13:06:06.403373 [info ] [MainThread]: os info: Linux-6.8.0-1044-azure-x86_64-with-glibc2.39
[0m13:06:18.150967 [info ] [MainThread]: Using profiles dir at /home/codespace/.dbt
[0m13:06:18.151731 [info ] [MainThread]: Using profiles.yml file at /home/codespace/.dbt/profiles.yml
[0m13:06:18.152344 [info ] [MainThread]: Using dbt_project.yml file at /workspaces/test-pipeline/dbt_project.yml
[0m13:06:18.152809 [info ] [MainThread]: adapter type: bigquery
[0m13:06:18.153251 [info ] [MainThread]: adapter version: 1.9.2
[0m13:06:18.153705 [info ] [MainThread]: Configuration:
[0m13:06:18.154136 [info ] [MainThread]:   profiles.yml file [[32mOK found and valid[0m]
[0m13:06:18.154537 [info ] [MainThread]:   dbt_project.yml file [[31mERROR not found[0m]
[0m13:06:18.154960 [info ] [MainThread]: Required dependencies:
[0m13:06:18.155439 [debug] [MainThread]: Executing "git --help"
[0m13:06:18.163314 [debug] [MainThread]: STDOUT: "b"usage: git [-v | --version] [-h | --help] [-C <path>] [-c <name>=<value>]\n           [--exec-path[=<path>]] [--html-path] [--man-path] [--info-path]\n           [-p | --paginate | -P | --no-pager] [--no-replace-objects] [--no-lazy-fetch]\n           [--no-optional-locks] [--no-advice] [--bare] [--git-dir=<path>]\n           [--work-tree=<path>] [--namespace=<name>] [--config-env=<name>=<envvar>]\n           <command> [<args>]\n\nThese are common Git commands used in various situations:\n\nstart a working area (see also: git help tutorial)\n   clone      Clone a repository into a new directory\n   init       Create an empty Git repository or reinitialize an existing one\n\nwork on the current change (see also: git help everyday)\n   add        Add file contents to the index\n   mv         Move or rename a file, a directory, or a symlink\n   restore    Restore working tree files\n   rm         Remove files from the working tree and from the index\n\nexamine the history and state (see also: git help revisions)\n   bisect     Use binary search to find the commit that introduced a bug\n   diff       Show changes between commits, commit and working tree, etc\n   grep       Print lines matching a pattern\n   log        Show commit logs\n   show       Show various types of objects\n   status     Show the working tree status\n\ngrow, mark and tweak your common history\n   backfill   Download missing objects in a partial clone\n   branch     List, create, or delete branches\n   commit     Record changes to the repository\n   merge      Join two or more development histories together\n   rebase     Reapply commits on top of another base tip\n   reset      Reset current HEAD to the specified state\n   switch     Switch branches\n   tag        Create, list, delete or verify tags\n\ncollaborate (see also: git help workflows)\n   fetch      Download objects and refs from another repository\n   pull       Fetch from and integrate with another repository or a local branch\n   push       Update remote refs along with associated objects\n\n'git help -a' and 'git help -g' list available subcommands and some\nconcept guides. See 'git help <command>' or 'git help <concept>'\nto read about a specific subcommand or concept.\nSee 'git help git' for an overview of the system.\n""
[0m13:06:18.164128 [debug] [MainThread]: STDERR: "b''"
[0m13:06:18.164714 [info ] [MainThread]:  - git [[32mOK found[0m]

[0m13:06:18.165314 [info ] [MainThread]: Connection:
[0m13:06:18.165904 [info ] [MainThread]:   method: service-account
[0m13:06:18.166433 [info ] [MainThread]:   database: crypto-pipeline-491522
[0m13:06:18.166909 [info ] [MainThread]:   execution_project: crypto-pipeline-491522
[0m13:06:18.167614 [info ] [MainThread]:   schema: crypto
[0m13:06:18.168231 [info ] [MainThread]:   location: EU
[0m13:06:18.168806 [info ] [MainThread]:   priority: interactive
[0m13:06:18.169423 [info ] [MainThread]:   maximum_bytes_billed: None
[0m13:06:18.170008 [info ] [MainThread]:   impersonate_service_account: None
[0m13:06:18.170636 [info ] [MainThread]:   job_retry_deadline_seconds: None
[0m13:06:18.171245 [info ] [MainThread]:   job_retries: 1
[0m13:06:18.171843 [info ] [MainThread]:   job_creation_timeout_seconds: None
[0m13:06:18.172781 [info ] [MainThread]:   job_execution_timeout_seconds: 300
[0m13:06:18.174523 [info ] [MainThread]:   timeout_seconds: 300
[0m13:06:18.176221 [info ] [MainThread]:   client_id: None
[0m13:06:18.176937 [info ] [MainThread]:   token_uri: None
[0m13:06:18.178410 [info ] [MainThread]:   compute_region: None
[0m13:06:18.179649 [info ] [MainThread]:   dataproc_cluster_name: None
[0m13:06:18.180313 [info ] [MainThread]:   gcs_bucket: None
[0m13:06:18.183291 [info ] [MainThread]:   dataproc_batch: None
[0m13:06:18.184080 [info ] [MainThread]: Registered adapter: bigquery=1.9.2
[0m13:06:18.953822 [debug] [MainThread]: Acquiring new bigquery connection 'debug'
[0m13:06:18.954549 [debug] [MainThread]: On debug: select 1 as id
[0m13:06:18.955140 [debug] [MainThread]: Opening a new connection, currently in state init
[0m13:06:21.197509 [debug] [MainThread]: BigQuery adapter: https://console.cloud.google.com/bigquery?project=crypto-pipeline-491522&j=bq:EU:2cbad3e0-8221-4323-b146-05a37324a5e3&page=queryresults
[0m13:06:21.749549 [info ] [MainThread]:   Connection test: [[32mOK connection ok[0m]

[0m13:06:21.750189 [info ] [MainThread]: [31m1 check failed:[0m
[0m13:06:21.750699 [info ] [MainThread]: Project loading failed for the following reason:
 project path </workspaces/test-pipeline/dbt_project.yml> not found

[0m13:06:21.751330 [debug] [MainThread]: Resource report: {"command_name": "debug", "command_wall_clock_time": 15.478714, "process_user_time": 5.703573, "process_kernel_time": 2.711858, "process_mem_max_rss": "379068", "process_in_blocks": "330688", "process_out_blocks": "384", "command_success": false}
[0m13:06:21.751933 [debug] [MainThread]: Command `dbt debug` failed at 13:06:21.751777 after 15.48 seconds
[0m13:06:21.752520 [debug] [MainThread]: Connection 'debug' was properly closed.
[0m13:06:21.753011 [debug] [MainThread]: Sending event: {'category': 'dbt', 'action': 'invocation', 'label': 'end', 'context': [<snowplow_tracker.self_describing_json.SelfDescribingJson object at 0x76a3acdd9950>, <snowplow_tracker.self_describing_json.SelfDescribingJson object at 0x76a3acddae10>, <snowplow_tracker.self_describing_json.SelfDescribingJson object at 0x76a3b085a690>]}
[0m13:06:21.753528 [debug] [MainThread]: Flushing usage events
